Build started 7/1/2015 2:57:54 PM.
     1>Project "D:\Image_Processing\Project\aaaaa\Application\App with UI\Vehicle Counter\Vehicle Counter\Vehicle Counter.vcxproj" on node 2 (Build target(s)).
       Project file contains ToolsVersion="12.0". This toolset is unknown or missing. You may be able to resolve this by installing the appropriate .NET Framework for this toolset. Treating the project as if it had ToolsVersion="4.0".
     1>ClCompile:
         C:\Program Files (x86)\Microsoft Visual Studio 11.0\VC\bin\CL.exe /c /IE:\VS\opencv\build\include /ID:\Image_Processing\Project\opencv\build\include /AI"C:\Program Files (x86)\Reference Assemblies\Microsoft\Framework\.NETFramework\v4.5\\" /AI"C:\Program Files (x86)\Windows Kits\8.0\References\CommonConfiguration\Neutral" /AI"C:\Program Files (x86)\Reference Assemblies\Microsoft\Framework\.NETFramework\v4.5\Facades\\" /Zi /clr /nologo /W3 /WX- /Od /Oy- /D WIN32 /D _DEBUG /D _UNICODE /D UNICODE /EHa /MDd /GS /fp:precise /Zc:wchar_t /Zc:forScope /Fo"Debug\\" /Fd"Debug\vc110.pdb" /TP /FU"C:\Program Files (x86)\Reference Assemblies\Microsoft\Framework\.NETFramework\v4.5\mscorlib.dll" /FU"C:\Program Files (x86)\Reference Assemblies\Microsoft\Framework\.NETFramework\v4.5\System.Data.dll" /FU"C:\Program Files (x86)\Reference Assemblies\Microsoft\Framework\.NETFramework\v4.5\System.DirectoryServices.dll" /FU"C:\Program Files (x86)\Reference Assemblies\Microsoft\Framework\.NETFramework\v4.5\System.dll" /FU"C:\Program Files (x86)\Reference Assemblies\Microsoft\Framework\.NETFramework\v4.5\System.Drawing.dll" /FU"C:\Program Files (x86)\Reference Assemblies\Microsoft\Framework\.NETFramework\v4.5\System.Windows.Forms.dll" /FU"C:\Program Files (x86)\Reference Assemblies\Microsoft\Framework\.NETFramework\v4.5\System.Xml.dll" /analyze- /errorReport:prompt /clr:nostdlib BasicExcel.cpp ExcelFormat.cpp ImageProcessor.cpp Main.cpp "wmain .cpp"
         BasicExcel.cpp
         ExcelFormat.cpp
         ImageProcessor.cpp
     1>ImageProcessor.cpp(199): warning C4244: '=' : conversion from 'double' to 'int', possible loss of data
     1>ImageProcessor.cpp(204): warning C4244: '=' : conversion from 'double' to 'int', possible loss of data
         Main.cpp
         wmain .cpp
         Generating Code...
       ResourceCompile:
         C:\Program Files (x86)\Windows Kits\8.0\bin\x86\rc.exe /D _UNICODE /D UNICODE /l"0x0409" /nologo /fo"Debug\Vehicle Counter.res" "Vehicle Counter.rc" 
       Link:
         C:\Program Files (x86)\Microsoft Visual Studio 11.0\VC\bin\link.exe /ERRORREPORT:PROMPT /OUT:"D:\Image_Processing\Project\aaaaa\Application\App with UI\Vehicle Counter\Debug\Vehicle Counter.exe" /INCREMENTAL /NOLOGO /LIBPATH:E:\VS\opencv\build\x86\vc11\lib /LIBPATH:D:\Image_Processing\Project\opencv\build\x86\vc11\lib opencv_calib3d2411d.lib opencv_contrib2411d.lib opencv_core2411d.lib opencv_features2d2411d.lib opencv_flann2411d.lib opencv_gpu2411d.lib opencv_highgui2411d.lib opencv_imgproc2411d.lib opencv_legacy2411d.lib opencv_ml2411d.lib opencv_nonfree2411d.lib opencv_objdetect2411d.lib opencv_ocl2411d.lib opencv_photo2411d.lib opencv_stitching2411d.lib opencv_superres2411d.lib opencv_ts2411d.lib opencv_video2411d.lib opencv_videostab2411d.lib kernel32.lib user32.lib gdi32.lib winspool.lib comdlg32.lib advapi32.lib shell32.lib ole32.lib oleaut32.lib uuid.lib odbc32.lib odbccp32.lib /ASSEMBLYRESOURCE:Debug\VehicleCounter.Main.resources /MANIFEST /MANIFESTUAC:"level='asInvoker' uiAccess='false'" /manifest:embed /DEBUG /PDB:"D:\Image_Processing\Project\aaaaa\Application\App with UI\Vehicle Counter\Debug\Vehicle Counter.pdb" /ASSEMBLYDEBUG /SUBSYSTEM:WINDOWS /TLBID:1 /ENTRY:"Main" /DYNAMICBASE /FIXED:NO /NXCOMPAT /MACHINE:X86 "Debug\Vehicle Counter.res"
         Debug\BasicExcel.obj
         Debug\ExcelFormat.obj
         Debug\ImageProcessor.obj
         Debug\Main.obj
         "Debug\wmain .obj"
         "Debug\.NETFramework,Version=v4.5.AssemblyAttributes.obj"
     1>ImageProcessor.obj : warning LNK4248: unresolved typeref token (01000026) for 'CvCapture'; image may not run
     1>opencv_ts2411d.lib(opencv_ts_pch.obj) : warning LNK4099: PDB 'opencv_ts2411d.pdb' was not found with 'opencv_ts2411d.lib(opencv_ts_pch.obj)' or at 'D:\Image_Processing\Project\aaaaa\Application\App with UI\Vehicle Counter\Debug\opencv_ts2411d.pdb'; linking object as if no debug info
         Vehicle Counter.vcxproj -> D:\Image_Processing\Project\aaaaa\Application\App with UI\Vehicle Counter\Debug\Vehicle Counter.exe
     1>Done Building Project "D:\Image_Processing\Project\aaaaa\Application\App with UI\Vehicle Counter\Vehicle Counter\Vehicle Counter.vcxproj" (Build target(s)).

Build succeeded.

Time Elapsed 00:00:31.35
